0 info it worked if it ends with ok
1 verbose cli [ '/Users/geoff/.nvm/versions/node/v4.8.3/bin/node',
1 verbose cli   '/Users/geoff/.nvm/versions/node/v4.8.3/bin/npm',
1 verbose cli   'run',
1 verbose cli   'browser' ]
2 info using npm@2.15.11
3 info using node@v4.8.3
4 verbose run-script [ 'prebrowser', 'browser', 'postbrowser' ]
5 info prebrowser inky@1.3.7
6 info browser inky@1.3.7
7 verbose unsafe-perm in lifecycle true
8 info inky@1.3.7 Failed to exec browser script
9 verbose stack Error: inky@1.3.7 browser: `webpack`
9 verbose stack Exit status 2
9 verbose stack     at EventEmitter.<anonymous> (/Users/geoff/.nvm/versions/node/v4.8.3/lib/node_modules/npm/lib/utils/lifecycle.js:217:16)
9 verbose stack     at emitTwo (events.js:87:13)
9 verbose stack     at EventEmitter.emit (events.js:172:7)
9 verbose stack     at ChildProcess.<anonymous> (/Users/geoff/.nvm/versions/node/v4.8.3/lib/node_modules/npm/lib/utils/spawn.js:24:14)
9 verbose stack     at emitTwo (events.js:87:13)
9 verbose stack     at ChildProcess.emit (events.js:172:7)
9 verbose stack     at maybeClose (internal/child_process.js:862:16)
9 verbose stack     at Process.ChildProcess._handle.onexit (internal/child_process.js:222:5)
10 verbose pkgid inky@1.3.7
11 verbose cwd /Users/geoff/Sites/inky
12 error Darwin 17.4.0
13 error argv "/Users/geoff/.nvm/versions/node/v4.8.3/bin/node" "/Users/geoff/.nvm/versions/node/v4.8.3/bin/npm" "run" "browser"
14 error node v4.8.3
15 error npm  v2.15.11
16 error code ELIFECYCLE
17 error inky@1.3.7 browser: `webpack`
17 error Exit status 2
18 error Failed at the inky@1.3.7 browser script 'webpack'.
18 error This is most likely a problem with the inky package,
18 error not with npm itself.
18 error Tell the author that this fails on your system:
18 error     webpack
18 error You can get information on how to open an issue for this project with:
18 error     npm bugs inky
18 error Or if that isn't available, you can get their info via:
18 error
18 error     npm owner ls inky
18 error There is likely additional logging output above.
19 verbose exit [ 1, true ]
